21:57:52.971 INFO [GridLauncherV3.parse] - Selenium server version: 3.141.59, revision: e82be7d358
21:57:53.148 INFO [GridLauncherV3.lambda$buildLaunchers$3] - Launching a standalone Selenium Server on port 4444
2020-11-12 21:57:53.252:INFO::main: Logging initialized @873ms to org.seleniumhq.jetty9.util.log.StdErrLog
21:57:53.681 INFO [WebDriverServlet.<init>] - Initialising WebDriverServlet
21:57:54.414 INFO [SeleniumServer.boot] - Selenium Server is up and running on port 4444
21:57:55.111 INFO [ActiveSessionFactory.apply] - Capabilities are: {
  "acceptSslCerts": true,
  "browserName": "chrome",
  "chromeOptions": {
    "w3c": false
  },
  "javascriptEnabled": true,
  "marionette": true,
  "name": "1 Test Part One"
}
21:57:55.117 INFO [ActiveSessionFactory.lambda$apply$11] - Matched factory org.openqa.selenium.grid.session.remote.ServicedSession$Factory (provider: org.openqa.selenium.chrome.ChromeDriverService)
Starting ChromeDriver 86.0.4240.22 (398b0743353ff36fb1b82468f63a3a93b4e2e89e-refs/branch-heads/4240@{#378}) on port 21965
Only local connections are allowed.
Please see https://chromedriver.chromium.org/security-considerations for suggestions on keeping ChromeDriver safe.
ChromeDriver was started successfully.
21:57:59.277 INFO [ProtocolHandshake.createSession] - Detected dialect: OSS
21:57:59.792 INFO [RemoteSession$Factory.lambda$performHandshake$0] - Started new session 7ee2f0c4ad13b5f4a6cacba7de34a61a (org.openqa.selenium.chrome.ChromeDriverService)
21:58:14.936 INFO [ActiveSessions$1.onStop] - Removing session 7ee2f0c4ad13b5f4a6cacba7de34a61a (org.openqa.selenium.chrome.ChromeDriverService)
21:58:15.096 INFO [ActiveSessionFactory.apply] - Capabilities are: {
  "acceptSslCerts": true,
  "browserName": "chrome",
  "chromeOptions": {
    "w3c": false
  },
  "javascriptEnabled": true,
  "marionette": true,
  "name": "2 Test Part Two A"
}
21:58:15.096 INFO [ActiveSessionFactory.lambda$apply$11] - Matched factory org.openqa.selenium.grid.session.remote.ServicedSession$Factory (provider: org.openqa.selenium.chrome.ChromeDriverService)
Starting ChromeDriver 86.0.4240.22 (398b0743353ff36fb1b82468f63a3a93b4e2e89e-refs/branch-heads/4240@{#378}) on port 5011
Only local connections are allowed.
Please see https://chromedriver.chromium.org/security-considerations for suggestions on keeping ChromeDriver safe.
ChromeDriver was started successfully.
21:58:17.583 INFO [ProtocolHandshake.createSession] - Detected dialect: OSS
21:58:17.646 INFO [RemoteSession$Factory.lambda$performHandshake$0] - Started new session bc94bf81ebac13f2e2c75bfadddee68d (org.openqa.selenium.chrome.ChromeDriverService)
21:58:30.738 INFO [ActiveSessions$1.onStop] - Removing session bc94bf81ebac13f2e2c75bfadddee68d (org.openqa.selenium.chrome.ChromeDriverService)
21:58:30.909 INFO [ActiveSessionFactory.apply] - Capabilities are: {
  "acceptSslCerts": true,
  "browserName": "chrome",
  "chromeOptions": {
    "w3c": false
  },
  "javascriptEnabled": true,
  "marionette": true,
  "name": "3 Test Part Two B"
}
21:58:30.909 INFO [ActiveSessionFactory.lambda$apply$11] - Matched factory org.openqa.selenium.grid.session.remote.ServicedSession$Factory (provider: org.openqa.selenium.chrome.ChromeDriverService)
Starting ChromeDriver 86.0.4240.22 (398b0743353ff36fb1b82468f63a3a93b4e2e89e-refs/branch-heads/4240@{#378}) on port 36927
Only local connections are allowed.
Please see https://chromedriver.chromium.org/security-considerations for suggestions on keeping ChromeDriver safe.
ChromeDriver was started successfully.
21:58:33.381 INFO [ProtocolHandshake.createSession] - Detected dialect: OSS
21:58:33.450 INFO [RemoteSession$Factory.lambda$performHandshake$0] - Started new session f48bfc937310bfb678a9cbac6cac7dc6 (org.openqa.selenium.chrome.ChromeDriverService)
21:58:48.074 INFO [ActiveSessions$1.onStop] - Removing session f48bfc937310bfb678a9cbac6cac7dc6 (org.openqa.selenium.chrome.ChromeDriverService)
